<?xml version="1.0" encoding="UTF-8"?>
<robot generator="Robot 6.1.1 (Python 3.12.7 on win32)" generated="20241111 21:15:24.154" rpa="false" schemaversion="4">
<suite id="s1" name="Tests" source="C:\GIT-HelsinkiUniversity_2024-2025\Course___2024-25_Helsinki-University___Ohjelmistotuotanto\palautusrepositorio\viikko3\hello-robot\src\tests">
<suite id="s1-s1" name="Increase Counter" source="C:\GIT-HelsinkiUniversity_2024-2025\Course___2024-25_Helsinki-University___Ohjelmistotuotanto\palautusrepositorio\viikko3\hello-robot\src\tests\increase_counter.robot">
<test id="s1-s1-t1" name="Increase Counter Once" line="5">
<kw name="Counter Value Should Be" library="CounterLibrary">
<arg>0</arg>
<status status="PASS" starttime="20241111 21:15:24.200" endtime="20241111 21:15:24.200"/>
</kw>
<kw name="Increase Counter" library="CounterLibrary">
<status status="PASS" starttime="20241111 21:15:24.200" endtime="20241111 21:15:24.200"/>
</kw>
<kw name="Counter Value Should Be" library="CounterLibrary">
<arg>1</arg>
<status status="PASS" starttime="20241111 21:15:24.201" endtime="20241111 21:15:24.201"/>
</kw>
<status status="PASS" starttime="20241111 21:15:24.199" endtime="20241111 21:15:24.201"/>
</test>
<test id="s1-s1-t2" name="Increase Counter Many Times" line="10">
<kw name="Counter Value Should Be" library="CounterLibrary">
<arg>0</arg>
<status status="PASS" starttime="20241111 21:15:24.201" endtime="20241111 21:15:24.202"/>
</kw>
<kw name="Increase Counter" library="CounterLibrary">
<status status="PASS" starttime="20241111 21:15:24.202" endtime="20241111 21:15:24.202"/>
</kw>
<kw name="Increase Counter" library="CounterLibrary">
<status status="PASS" starttime="20241111 21:15:24.202" endtime="20241111 21:15:24.202"/>
</kw>
<kw name="Increase Counter" library="CounterLibrary">
<status status="PASS" starttime="20241111 21:15:24.202" endtime="20241111 21:15:24.202"/>
</kw>
<kw name="Counter Value Should Be" library="CounterLibrary">
<arg>3</arg>
<status status="PASS" starttime="20241111 21:15:24.202" endtime="20241111 21:15:24.202"/>
</kw>
<status status="PASS" starttime="20241111 21:15:24.201" endtime="20241111 21:15:24.203"/>
</test>
<test id="s1-s1-t3" name="Increment Counter By Amount" line="17">
<kw name="Counter Value Should Be" library="CounterLibrary">
<arg>0</arg>
<status status="PASS" starttime="20241111 21:15:24.203" endtime="20241111 21:15:24.203"/>
</kw>
<kw name="Increment Counter By" library="CounterLibrary">
<arg>5</arg>
<status status="PASS" starttime="20241111 21:15:24.203" endtime="20241111 21:15:24.204"/>
</kw>
<kw name="Counter Value Should Be" library="CounterLibrary">
<arg>5</arg>
<status status="PASS" starttime="20241111 21:15:24.204" endtime="20241111 21:15:24.204"/>
</kw>
<status status="PASS" starttime="20241111 21:15:24.203" endtime="20241111 21:15:24.204"/>
</test>
<status status="PASS" starttime="20241111 21:15:24.186" endtime="20241111 21:15:24.204"/>
</suite>
<suite id="s1-s2" name="Reset Counter" source="C:\GIT-HelsinkiUniversity_2024-2025\Course___2024-25_Helsinki-University___Ohjelmistotuotanto\palautusrepositorio\viikko3\hello-robot\src\tests\reset_counter.robot">
<test id="s1-s2-t1" name="Reset Counter After One Increment" line="5">
<kw name="Counter Value Should Be" library="CounterLibrary">
<arg>0</arg>
<status status="PASS" starttime="20241111 21:15:24.208" endtime="20241111 21:15:24.208"/>
</kw>
<kw name="Increase Counter" library="CounterLibrary">
<status status="PASS" starttime="20241111 21:15:24.209" endtime="20241111 21:15:24.209"/>
</kw>
<kw name="Counter Value Should Be" library="CounterLibrary">
<arg>1</arg>
<status status="PASS" starttime="20241111 21:15:24.209" endtime="20241111 21:15:24.209"/>
</kw>
<kw name="Reset Counter" library="CounterLibrary">
<status status="PASS" starttime="20241111 21:15:24.209" endtime="20241111 21:15:24.209"/>
</kw>
<kw name="Counter Value Should Be" library="CounterLibrary">
<arg>0</arg>
<status status="PASS" starttime="20241111 21:15:24.209" endtime="20241111 21:15:24.209"/>
</kw>
<status status="PASS" starttime="20241111 21:15:24.208" endtime="20241111 21:15:24.209"/>
</test>
<test id="s1-s2-t2" name="Reset Counter After Several Increments" line="12">
<kw name="Counter Value Should Be" library="CounterLibrary">
<arg>0</arg>
<status status="PASS" starttime="20241111 21:15:24.210" endtime="20241111 21:15:24.210"/>
</kw>
<kw name="Increment Counter By" library="CounterLibrary">
<arg>5</arg>
<status status="PASS" starttime="20241111 21:15:24.210" endtime="20241111 21:15:24.210"/>
</kw>
<kw name="Counter Value Should Be" library="CounterLibrary">
<arg>5</arg>
<status status="PASS" starttime="20241111 21:15:24.210" endtime="20241111 21:15:24.211"/>
</kw>
<kw name="Reset Counter" library="CounterLibrary">
<status status="PASS" starttime="20241111 21:15:24.211" endtime="20241111 21:15:24.211"/>
</kw>
<kw name="Counter Value Should Be" library="CounterLibrary">
<arg>0</arg>
<status status="PASS" starttime="20241111 21:15:24.211" endtime="20241111 21:15:24.211"/>
</kw>
<status status="PASS" starttime="20241111 21:15:24.210" endtime="20241111 21:15:24.211"/>
</test>
<status status="PASS" starttime="20241111 21:15:24.205" endtime="20241111 21:15:24.212"/>
</suite>
<status status="PASS" starttime="20241111 21:15:24.155" endtime="20241111 21:15:24.212"/>
</suite>
<statistics>
<total>
<stat pass="5" fail="0" skip="0">All Tests</stat>
</total>
<tag>
</tag>
<suite>
<stat pass="5" fail="0" skip="0" id="s1" name="Tests">Tests</stat>
<stat pass="3" fail="0" skip="0" id="s1-s1" name="Increase Counter">Tests.Increase Counter</stat>
<stat pass="2" fail="0" skip="0" id="s1-s2" name="Reset Counter">Tests.Reset Counter</stat>
</suite>
</statistics>
<errors>
</errors>
</robot>
